Removed Pin From Net: NetName=RX Pin=HC06-4
Added Component: Designator=hc05rx1(RESC3413X04N)
Add component. Clean all parameters for all variants
Add component (AddParameter): Name = "Data"; Value = "16-12-2016"; VariantName = "[No Variations]"
Add component (AddParameter): Name = "Desc."; Value = "RES SMD 0805"; VariantName = "[No Variations]"
Add component (AddParameter): Name = "Designer"; Value = "Abbas Basereh"; VariantName = "[No Variations]"
Added Component: Designator=hc05rx2(RESC3413X04N)
Add component. Clean all parameters for all variants
Add component (AddParameter): Name = "Data"; Value = "16-12-2016"; VariantName = "[No Variations]"
Add component (AddParameter): Name = "Desc."; Value = "RES SMD 0805"; VariantName = "[No Variations]"
Add component (AddParameter): Name = "Designer"; Value = "Abbas Basereh"; VariantName = "[No Variations]"
Added Pin To Net: NetName=GND Pin=hc05rx1-1
Added Pin To Net: NetName=RX Pin=hc05rx2-1
Added Pin To Net: NetName=int Pin=hc05rx1-2
Added Pin To Net: NetName=int Pin=hc05rx2-2
Added Pin To Net: NetName=int Pin=HC06-4
Added Net: Name=int
Added Member To Class: ClassName=jelly_fish Member=Component hc05rx1 2k
Added Member To Class: ClassName=jelly_fish Member=Component hc05rx2 1K
Added Room: Name=jelly_fish
